DROP EXTENSION IF EXISTS yagp_hooks_collector;
NOTICE:  extension "yagp_hooks_collector" does not exist, skipping
CREATE EXTENSION yagp_hooks_collector;
CREATE OR REPLACE FUNCTION get_marked_query(marker TEXT)
RETURNS TEXT AS $$
    SELECT query_text
    FROM yagpcc.log
    WHERE query_text LIKE '%' || marker || '%'
    ORDER BY datetime DESC
    LIMIT 1
$$ LANGUAGE sql VOLATILE;
SET yagpcc.enable TO TRUE;
-- Test 1: 1 byte chars
SET yagpcc.max_text_size to 19;
SET yagpcc.logging_mode to 'TBL';
SELECT /*test1*/ 'HelloWorld';
  ?column?  
------------
 HelloWorld
(1 row)

RESET yagpcc.logging_mode;
SELECT octet_length(get_marked_query('test1')) = 19 AS correct_length;
 correct_length 
----------------
 t
(1 row)

-- Test 2: 2 byte chars
SET yagpcc.max_text_size to 19;
SET yagpcc.logging_mode to 'TBL';
SELECT /*test2*/ 'РУССКИЙЯЗЫК';
  ?column?   
-------------
 РУССКИЙЯЗЫК
(1 row)

RESET yagpcc.logging_mode;
-- Character 'Р' has two bytes and cut in the middle => not included.
SELECT octet_length(get_marked_query('test2')) = 18 AS correct_length;
 correct_length 
----------------
 t
(1 row)

-- Test 3: 4 byte chars
SET yagpcc.max_text_size to 21;
SET yagpcc.logging_mode to 'TBL';
SELECT /*test3*/ '😀';
 ?column? 
----------
 😀
(1 row)

RESET yagpcc.logging_mode;
-- Emoji has 4 bytes and cut before the last byte => not included.
SELECT octet_length(get_marked_query('test2')) = 18 AS correct_length;
 correct_length 
----------------
 t
(1 row)

-- Cleanup
DROP FUNCTION get_marked_query(TEXT);
RESET yagpcc.max_text_size;
RESET yagpcc.logging_mode;
RESET yagpcc.enable;
DROP EXTENSION yagp_hooks_collector;
